This is pdfTeX, Version 3.141592653-2.6-1.40.25 (TeX Live 2023) (preloaded format=pdflatex 2023.6.5)  5 JUN 2023 23:27
entering extended mode
 restricted \write18 enabled.
 file:line:error style messages enabled.
 %&-line parsing enabled.
**/home/haruo/bcc2023i/mac0210-ep2/relatorio/relatorio.tex
(/home/haruo/bcc2023i/mac0210-ep2/relatorio/relatorio.tex
LaTeX2e <2022-11-01> patch level 1
L3 programming layer <2023-05-22> (/home/haruo/.TinyTeX/texmf-dist/tex/latex/base/article.cls
Document Class: article 2022/07/02 v1.4n Standard LaTeX document class
(/home/haruo/.TinyTeX/texmf-dist/tex/latex/base/size10.clo
File: size10.clo 2022/07/02 v1.4n Standard LaTeX file (size option)
)
\c@part=\count185
\c@section=\count186
\c@subsection=\count187
\c@subsubsection=\count188
\c@paragraph=\count189
\c@subparagraph=\count190
\c@figure=\count191
\c@table=\count192
\abovecaptionskip=\skip48
\belowcaptionskip=\skip49
\bibindent=\dimen140
) (/home/haruo/.TinyTeX/texmf-dist/tex/latex/base/inputenc.sty
Package: inputenc 2021/02/14 v1.3d Input encoding file
\inpenc@prehook=\toks16
\inpenc@posthook=\toks17
) (/home/haruo/.TinyTeX/texmf-dist/tex/latex/geometry/geometry.sty
Package: geometry 2020/01/02 v5.9 Page Geometry
 (/home/haruo/.TinyTeX/texmf-dist/tex/latex/graphics/keyval.sty
Package: keyval 2022/05/29 v1.15 key=value parser (DPC)
\KV@toks@=\toks18
) (/home/haruo/.TinyTeX/texmf-dist/tex/generic/iftex/ifvtex.sty
Package: ifvtex 2019/10/25 v1.7 ifvtex legacy package. Use iftex instead.
 (/home/haruo/.TinyTeX/texmf-dist/tex/generic/iftex/iftex.sty
Package: iftex 2022/02/03 v1.0f TeX engine tests
))
\Gm@cnth=\count193
\Gm@cntv=\count194
\c@Gm@tempcnt=\count195
\Gm@bindingoffset=\dimen141
\Gm@wd@mp=\dimen142
\Gm@odd@mp=\dimen143
\Gm@even@mp=\dimen144
\Gm@layoutwidth=\dimen145
\Gm@layoutheight=\dimen146
\Gm@layouthoffset=\dimen147
\Gm@layoutvoffset=\dimen148
\Gm@dimlist=\toks19
) (/home/haruo/.TinyTeX/texmf-dist/tex/latex/parskip/parskip.sty
Package: parskip 2021-03-14 v2.0h non-zero parskip adjustments
 (/home/haruo/.TinyTeX/texmf-dist/tex/latex/kvoptions/kvoptions.sty
Package: kvoptions 2022-06-15 v3.15 Key value format for package options (HO)
 (/home/haruo/.TinyTeX/texmf-dist/tex/generic/ltxcmds/ltxcmds.sty
Package: ltxcmds 2020-05-10 v1.25 LaTeX kernel commands for general use (HO)
) (/home/haruo/.TinyTeX/texmf-dist/tex/latex/kvsetkeys/kvsetkeys.sty
Package: kvsetkeys 2022-10-05 v1.19 Key value parser (HO)
)) (/home/haruo/.TinyTeX/texmf-dist/tex/latex/etoolbox/etoolbox.sty
Package: etoolbox 2020/10/05 v2.5k e-TeX tools for LaTeX (JAW)
\etb@tempcnta=\count196
)) (/home/haruo/.TinyTeX/texmf-dist/tex/latex/amsmath/amsmath.sty
Package: amsmath 2022/04/08 v2.17n AMS math features
\@mathmargin=\skip50

For additional information on amsmath, use the `?' option.
(/home/haruo/.TinyTeX/texmf-dist/tex/latex/amsmath/amstext.sty
Package: amstext 2021/08/26 v2.01 AMS text
 (/home/haruo/.TinyTeX/texmf-dist/tex/latex/amsmath/amsgen.sty
File: amsgen.sty 1999/11/30 v2.0 generic functions
\@emptytoks=\toks20
\ex@=\dimen149
)) (/home/haruo/.TinyTeX/texmf-dist/tex/latex/amsmath/amsbsy.sty
Package: amsbsy 1999/11/29 v1.2d Bold Symbols
\pmbraise@=\dimen150
) (/home/haruo/.TinyTeX/texmf-dist/tex/latex/amsmath/amsopn.sty
Package: amsopn 2022/04/08 v2.04 operator names
)
\inf@bad=\count197
LaTeX Info: Redefining \frac on input line 234.
\uproot@=\count198
\leftroot@=\count199
LaTeX Info: Redefining \overline on input line 399.
LaTeX Info: Redefining \colon on input line 410.
\classnum@=\count266
\DOTSCASE@=\count267
LaTeX Info: Redefining \ldots on input line 496.
LaTeX Info: Redefining \dots on input line 499.
LaTeX Info: Redefining \cdots on input line 620.
\Mathstrutbox@=\box51
\strutbox@=\box52
LaTeX Info: Redefining \big on input line 722.
LaTeX Info: Redefining \Big on input line 723.
LaTeX Info: Redefining \bigg on input line 724.
LaTeX Info: Redefining \Bigg on input line 725.
\big@size=\dimen151
LaTeX Font Info:    Redeclaring font encoding OML on input line 743.
LaTeX Font Info:    Redeclaring font encoding OMS on input line 744.
\macc@depth=\count268
LaTeX Info: Redefining \bmod on input line 905.
LaTeX Info: Redefining \pmod on input line 910.
LaTeX Info: Redefining \smash on input line 940.
LaTeX Info: Redefining \relbar on input line 970.
LaTeX Info: Redefining \Relbar on input line 971.
\c@MaxMatrixCols=\count269
\dotsspace@=\muskip16
\c@parentequation=\count270
\dspbrk@lvl=\count271
\tag@help=\toks21
\row@=\count272
\column@=\count273
\maxfields@=\count274
\andhelp@=\toks22
\eqnshift@=\dimen152
\alignsep@=\dimen153
\tagshift@=\dimen154
\tagwidth@=\dimen155
\totwidth@=\dimen156
\lineht@=\dimen157
\@envbody=\toks23
\multlinegap=\skip51
\multlinetaggap=\skip52
\mathdisplay@stack=\toks24
LaTeX Info: Redefining \[ on input line 2953.
LaTeX Info: Redefining \] on input line 2954.
) (/home/haruo/.TinyTeX/texmf-dist/tex/latex/amsfonts/amssymb.sty
Package: amssymb 2013/01/14 v3.01 AMS font symbols
 (/home/haruo/.TinyTeX/texmf-dist/tex/latex/amsfonts/amsfonts.sty
Package: amsfonts 2013/01/14 v3.01 Basic AMSFonts support
\symAMSa=\mathgroup4
\symAMSb=\mathgroup5
LaTeX Font Info:    Redeclaring math symbol \hbar on input line 98.
LaTeX Font Info:    Overwriting math alphabet `\mathfrak' in version `bold'
(Font)                  U/euf/m/n --> U/euf/b/n on input line 106.
)) (/home/haruo/.TinyTeX/texmf-dist/tex/latex/amscls/amsthm.sty
Package: amsthm 2020/05/29 v2.20.6
\thm@style=\toks25
\thm@bodyfont=\toks26
\thm@headfont=\toks27
\thm@notefont=\toks28
\thm@headpunct=\toks29
\thm@preskip=\skip53
\thm@postskip=\skip54
\thm@headsep=\skip55
\dth@everypar=\toks30
) (/home/haruo/.TinyTeX/texmf-dist/tex/latex/graphics/graphicx.sty
Package: graphicx 2021/09/16 v1.2d Enhanced LaTeX Graphics (DPC,SPQR)
 (/home/haruo/.TinyTeX/texmf-dist/tex/latex/graphics/graphics.sty
Package: graphics 2022/03/10 v1.4e Standard LaTeX Graphics (DPC,SPQR)
 (/home/haruo/.TinyTeX/texmf-dist/tex/latex/graphics/trig.sty
Package: trig 2021/08/11 v1.11 sin cos tan (DPC)
) (/home/haruo/.TinyTeX/texmf-dist/tex/latex/graphics-cfg/graphics.cfg
File: graphics.cfg 2016/06/04 v1.11 sample graphics configuration
)
Package graphics Info: Driver file: pdftex.def on input line 107.
 (/home/haruo/.TinyTeX/texmf-dist/tex/latex/graphics-def/pdftex.def
File: pdftex.def 2022/09/22 v1.2b Graphics/color driver for pdftex
))
\Gin@req@height=\dimen158
\Gin@req@width=\dimen159
) (/home/haruo/.TinyTeX/texmf-dist/tex/latex/float/float.sty
Package: float 2001/11/08 v1.3d Float enhancements (AL)
\c@float@type=\count275
\float@exts=\toks31
\float@box=\box53
\@float@everytoks=\toks32
\@floatcapt=\box54
) (/home/haruo/.TinyTeX/texmf-dist/tex/latex/caption/subcaption.sty
Package: subcaption 2023/02/19 v1.6 Sub-captions (AR)
 (/home/haruo/.TinyTeX/texmf-dist/tex/latex/caption/caption.sty
Package: caption 2023/03/12 v3.6j Customizing captions (AR)
 (/home/haruo/.TinyTeX/texmf-dist/tex/latex/caption/caption3.sty
Package: caption3 2023/03/12 v2.4 caption3 kernel (AR)
\caption@tempdima=\dimen160
\captionmargin=\dimen161
\caption@leftmargin=\dimen162
\caption@rightmargin=\dimen163
\caption@width=\dimen164
\caption@indent=\dimen165
\caption@parindent=\dimen166
\caption@hangindent=\dimen167
Package caption Info: Standard document class detected.
)
\c@caption@flags=\count276
\c@continuedfloat=\count277
Package caption Info: float package is loaded.
)
Package caption Info: New subtype `subfigure' on input line 239.
\c@subfigure=\count278
Package caption Info: New subtype `subtable' on input line 239.
\c@subtable=\count279
) (/home/haruo/.TinyTeX/texmf-dist/tex/latex/hyperref/hyperref.sty
Package: hyperref 2023-05-16 v7.00y Hypertext links for LaTeX
 (/home/haruo/.TinyTeX/texmf-dist/tex/generic/pdftexcmds/pdftexcmds.sty
Package: pdftexcmds 2020-06-27 v0.33 Utility functions of pdfTeX for LuaTeX (HO)
 (/home/haruo/.TinyTeX/texmf-dist/tex/generic/infwarerr/infwarerr.sty
Package: infwarerr 2019/12/03 v1.5 Providing info/warning/error messages (HO)
)
Package pdftexcmds Info: \pdf@primitive is available.
Package pdftexcmds Info: \pdf@ifprimitive is available.
Package pdftexcmds Info: \pdfdraftmode found.
) (/home/haruo/.TinyTeX/texmf-dist/tex/generic/kvdefinekeys/kvdefinekeys.sty
Package: kvdefinekeys 2019-12-19 v1.6 Define keys (HO)
) (/home/haruo/.TinyTeX/texmf-dist/tex/generic/pdfescape/pdfescape.sty
Package: pdfescape 2019/12/09 v1.15 Implements pdfTeX's escape features (HO)
) (/home/haruo/.TinyTeX/texmf-dist/tex/latex/hycolor/hycolor.sty
Package: hycolor 2020-01-27 v1.10 Color options for hyperref/bookmark (HO)
) (/home/haruo/.TinyTeX/texmf-dist/tex/latex/letltxmacro/letltxmacro.sty
Package: letltxmacro 2019/12/03 v1.6 Let assignment for LaTeX macros (HO)
) (/home/haruo/.TinyTeX/texmf-dist/tex/latex/auxhook/auxhook.sty
Package: auxhook 2019-12-17 v1.6 Hooks for auxiliary files (HO)
) (/home/haruo/.TinyTeX/texmf-dist/tex/latex/hyperref/nameref.sty
Package: nameref 2023-05-16 v2.51 Cross-referencing by name of section
 (/home/haruo/.TinyTeX/texmf-dist/tex/latex/refcount/refcount.sty
Package: refcount 2019/12/15 v3.6 Data extraction from label references (HO)
) (/home/haruo/.TinyTeX/texmf-dist/tex/generic/gettitlestring/gettitlestring.sty
Package: gettitlestring 2019/12/15 v1.6 Cleanup title references (HO)
)
\c@section@level=\count280
)
\@linkdim=\dimen168
\Hy@linkcounter=\count281
\Hy@pagecounter=\count282
 (/home/haruo/.TinyTeX/texmf-dist/tex/latex/hyperref/pd1enc.def
File: pd1enc.def 2023-05-16 v7.00y Hyperref: PDFDocEncoding definition (HO)
Now handling font encoding PD1 ...
... no UTF-8 mapping file for font encoding PD1
) (/home/haruo/.TinyTeX/texmf-dist/tex/generic/intcalc/intcalc.sty
Package: intcalc 2019/12/15 v1.3 Expandable calculations with integers (HO)
)
\Hy@SavedSpaceFactor=\count283
 (/home/haruo/.TinyTeX/texmf-dist/tex/latex/hyperref/puenc.def
File: puenc.def 2023-05-16 v7.00y Hyperref: PDF Unicode definition (HO)
Now handling font encoding PU ...
... no UTF-8 mapping file for font encoding PU
)
Package hyperref Info: Hyper figures OFF on input line 4167.
Package hyperref Info: Link nesting OFF on input line 4172.
Package hyperref Info: Hyper index ON on input line 4175.
Package hyperref Info: Plain pages OFF on input line 4182.
Package hyperref Info: Backreferencing OFF on input line 4187.
Package hyperref Info: Implicit mode ON; LaTeX internals redefined.
Package hyperref Info: Bookmarks ON on input line 4434.
\c@Hy@tempcnt=\count284
 (/home/haruo/.TinyTeX/texmf-dist/tex/latex/url/url.sty
\Urlmuskip=\muskip17
Package: url 2013/09/16  ver 3.4  Verb mode for urls, etc.
)
LaTeX Info: Redefining \url on input line 4772.
\XeTeXLinkMargin=\dimen169
 (/home/haruo/.TinyTeX/texmf-dist/tex/generic/bitset/bitset.sty
Package: bitset 2019/12/09 v1.3 Handle bit-vector datatype (HO)
 (/home/haruo/.TinyTeX/texmf-dist/tex/generic/bigintcalc/bigintcalc.sty
Package: bigintcalc 2019/12/15 v1.5 Expandable calculations on big integers (HO)
))
\Fld@menulength=\count285
\Field@Width=\dimen170
\Fld@charsize=\dimen171
Package hyperref Info: Hyper figures OFF on input line 6051.
Package hyperref Info: Link nesting OFF on input line 6056.
Package hyperref Info: Hyper index ON on input line 6059.
Package hyperref Info: backreferencing OFF on input line 6066.
Package hyperref Info: Link coloring OFF on input line 6071.
Package hyperref Info: Link coloring with OCG OFF on input line 6076.
Package hyperref Info: PDF/A mode OFF on input line 6081.
 (/home/haruo/.TinyTeX/texmf-dist/tex/latex/base/atbegshi-ltx.sty
Package: atbegshi-ltx 2021/01/10 v1.0c Emulation of the original atbegshi
package with kernel methods
)
\Hy@abspage=\count286
\c@Item=\count287
\c@Hfootnote=\count288
)
Package hyperref Info: Driver (autodetected): hpdftex.
 (/home/haruo/.TinyTeX/texmf-dist/tex/latex/hyperref/hpdftex.def
File: hpdftex.def 2023-05-16 v7.00y Hyperref driver for pdfTeX
 (/home/haruo/.TinyTeX/texmf-dist/tex/latex/base/atveryend-ltx.sty
Package: atveryend-ltx 2020/08/19 v1.0a Emulation of the original atveryend package
with kernel methods
)
\Fld@listcount=\count289
\c@bookmark@seq@number=\count290
 (/home/haruo/.TinyTeX/texmf-dist/tex/latex/rerunfilecheck/rerunfilecheck.sty
Package: rerunfilecheck 2022-07-10 v1.10 Rerun checks for auxiliary files (HO)
 (/home/haruo/.TinyTeX/texmf-dist/tex/generic/uniquecounter/uniquecounter.sty
Package: uniquecounter 2019/12/15 v1.4 Provide unlimited unique counter (HO)
)
Package uniquecounter Info: New unique counter `rerunfilecheck' on input line 285.
)
\Hy@SectionHShift=\skip56
) (/home/haruo/.TinyTeX/texmf-dist/tex/latex/l3backend/l3backend-pdftex.def
File: l3backend-pdftex.def 2023-04-19 L3 backend support: PDF output (pdfTeX)
\l__color_backend_stack_int=\count291
\l__pdf_internal_box=\box55
) (./relatorio.aux)
\openout1 = `relatorio.aux'.

LaTeX Font Info:    Checking defaults for OML/cmm/m/it on input line 15.
LaTeX Font Info:    ... okay on input line 15.
LaTeX Font Info:    Checking defaults for OMS/cmsy/m/n on input line 15.
LaTeX Font Info:    ... okay on input line 15.
LaTeX Font Info:    Checking defaults for OT1/cmr/m/n on input line 15.
LaTeX Font Info:    ... okay on input line 15.
LaTeX Font Info:    Checking defaults for T1/cmr/m/n on input line 15.
LaTeX Font Info:    ... okay on input line 15.
LaTeX Font Info:    Checking defaults for TS1/cmr/m/n on input line 15.
LaTeX Font Info:    ... okay on input line 15.
LaTeX Font Info:    Checking defaults for OMX/cmex/m/n on input line 15.
LaTeX Font Info:    ... okay on input line 15.
LaTeX Font Info:    Checking defaults for U/cmr/m/n on input line 15.
LaTeX Font Info:    ... okay on input line 15.
LaTeX Font Info:    Checking defaults for PD1/pdf/m/n on input line 15.
LaTeX Font Info:    ... okay on input line 15.
LaTeX Font Info:    Checking defaults for PU/pdf/m/n on input line 15.
LaTeX Font Info:    ... okay on input line 15.

*geometry* driver: auto-detecting
*geometry* detected driver: pdftex
*geometry* verbose mode - [ preamble ] result:
* driver: pdftex
* paper: a4paper
* layout: <same size as paper>
* layoutoffset:(h,v)=(0.0pt,0.0pt)
* modes: 
* h-part:(L,W,R)=(56.9055pt, 483.69687pt, 56.9055pt)
* v-part:(T,H,B)=(56.9055pt, 731.23584pt, 56.9055pt)
* \paperwidth=597.50787pt
* \paperheight=845.04684pt
* \textwidth=483.69687pt
* \textheight=731.23584pt
* \oddsidemargin=-15.36449pt
* \evensidemargin=-15.36449pt
* \topmargin=-52.36449pt
* \headheight=12.0pt
* \headsep=25.0pt
* \topskip=10.0pt
* \footskip=30.0pt
* \marginparwidth=65.0pt
* \marginparsep=11.0pt
* \columnsep=10.0pt
* \skip\footins=9.0pt plus 4.0pt minus 2.0pt
* \hoffset=0.0pt
* \voffset=0.0pt
* \mag=1000
* \@twocolumnfalse
* \@twosidefalse
* \@mparswitchfalse
* \@reversemarginfalse
* (1in=72.27pt=25.4mm, 1cm=28.453pt)

(/home/haruo/.TinyTeX/texmf-dist/tex/latex/epstopdf-pkg/epstopdf-base.sty
Package: epstopdf-base 2020-01-24 v2.11 Base part for package epstopdf
Package epstopdf-base Info: Redefining graphics rule for `.eps' on input line 485.
 (/home/haruo/.TinyTeX/texmf-dist/tex/latex/latexconfig/epstopdf-sys.cfg
File: epstopdf-sys.cfg 2010/07/13 v1.3 Configuration of (r)epstopdf for TeX Live
))
Package caption Info: Begin \AtBeginDocument code.
Package caption Info: hyperref package is loaded.
Package caption Info: End \AtBeginDocument code.
Package hyperref Info: Link coloring OFF on input line 15.
 (./relatorio.out) (./relatorio.out)
\@outlinefile=\write3
\openout3 = `relatorio.out'.

LaTeX Font Info:    Trying to load font information for U+msa on input line 17.
 (/home/haruo/.TinyTeX/texmf-dist/tex/latex/amsfonts/umsa.fd
File: umsa.fd 2013/01/14 v3.01 AMS symbols A
)
LaTeX Font Info:    Trying to load font information for U+msb on input line 17.
 (/home/haruo/.TinyTeX/texmf-dist/tex/latex/amsfonts/umsb.fd
File: umsb.fd 2013/01/14 v3.01 AMS symbols B
)
<senoidal/senoidal.png, id=85, 1027.84pt x 1027.84pt>
File: senoidal/senoidal.png Graphic file (type png)
<use senoidal/senoidal.png>
Package pdftex.def Info: senoidal/senoidal.png  used on input line 51.
(pdftex.def)             Requested size: 111.2482pt x 111.24345pt.
<senoidal/h-1/compressed.png, id=86, 256.96pt x 256.96pt>
File: senoidal/h-1/compressed.png Graphic file (type png)
<use senoidal/h-1/compressed.png>
Package pdftex.def Info: senoidal/h-1/compressed.png  used on input line 57.
(pdftex.def)             Requested size: 111.2482pt x 111.24738pt.
<senoidal/h-1/decompressed-bilinear.png, id=87, 1027.84pt x 1027.84pt>
File: senoidal/h-1/decompressed-bilinear.png Graphic file (type png)
<use senoidal/h-1/decompressed-bilinear.png>
Package pdftex.def Info: senoidal/h-1/decompressed-bilinear.png  used on input line 63.
(pdftex.def)             Requested size: 111.2482pt x 111.24345pt.
<senoidal/h-1/decompressed-bicubica.png, id=88, 1027.84pt x 1027.84pt>
File: senoidal/h-1/decompressed-bicubica.png Graphic file (type png)
<use senoidal/h-1/decompressed-bicubica.png>
Package pdftex.def Info: senoidal/h-1/decompressed-bicubica.png  used on input line 69.
(pdftex.def)             Requested size: 111.2482pt x 111.24345pt.
 [1

{/home/haruo/.TinyTeX/texmf-var/fonts/map/pdftex/updmap/pdftex.map} <./senoidal/senoidal.png (PNG copy)> <./senoidal/h-1/compressed.png (PNG copy)> <./senoidal/h-1/decompressed-bilinear.png (PNG copy)> <./senoidal/h-1/decompressed-bicubica.png (PNG copy)>]
File: senoidal/senoidal.png Graphic file (type png)
<use senoidal/senoidal.png>
Package pdftex.def Info: senoidal/senoidal.png  used on input line 87.
(pdftex.def)             Requested size: 111.2482pt x 111.24345pt.
<senoidal/h-10/compressed.png, id=108, 256.96pt x 256.96pt>
File: senoidal/h-10/compressed.png Graphic file (type png)
<use senoidal/h-10/compressed.png>
Package pdftex.def Info: senoidal/h-10/compressed.png  used on input line 93.
(pdftex.def)             Requested size: 111.2482pt x 111.24738pt.
<senoidal/h-10/decompressed-bilinear.png, id=109, 1027.84pt x 1027.84pt>
File: senoidal/h-10/decompressed-bilinear.png Graphic file (type png)
<use senoidal/h-10/decompressed-bilinear.png>
Package pdftex.def Info: senoidal/h-10/decompressed-bilinear.png  used on input line 99.
(pdftex.def)             Requested size: 111.2482pt x 111.24345pt.
<senoidal/h-10/decompressed-bicubica.png, id=110, 1027.84pt x 1027.84pt>
File: senoidal/h-10/decompressed-bicubica.png Graphic file (type png)
<use senoidal/h-10/decompressed-bicubica.png>
Package pdftex.def Info: senoidal/h-10/decompressed-bicubica.png  used on input line 105.
(pdftex.def)             Requested size: 111.2482pt x 111.24345pt.
<polinomial/polinomial.png, id=112, 1027.84pt x 1027.84pt>
File: polinomial/polinomial.png Graphic file (type png)
<use polinomial/polinomial.png>
Package pdftex.def Info: polinomial/polinomial.png  used on input line 133.
(pdftex.def)             Requested size: 111.2482pt x 111.24345pt.
<polinomial/h-1/compressed.png, id=113, 256.96pt x 256.96pt>
File: polinomial/h-1/compressed.png Graphic file (type png)
<use polinomial/h-1/compressed.png>
Package pdftex.def Info: polinomial/h-1/compressed.png  used on input line 139.
(pdftex.def)             Requested size: 111.2482pt x 111.24738pt.
<polinomial/h-1/decompressed-bilinear.png, id=114, 1027.84pt x 1027.84pt>
File: polinomial/h-1/decompressed-bilinear.png Graphic file (type png)
<use polinomial/h-1/decompressed-bilinear.png>
Package pdftex.def Info: polinomial/h-1/decompressed-bilinear.png  used on input line 145.
(pdftex.def)             Requested size: 111.2482pt x 111.24345pt.
<polinomial/h-1/decompressed-bicubica.png, id=115, 1027.84pt x 1027.84pt>
File: polinomial/h-1/decompressed-bicubica.png Graphic file (type png)
<use polinomial/h-1/decompressed-bicubica.png>
Package pdftex.def Info: polinomial/h-1/decompressed-bicubica.png  used on input line 151.
(pdftex.def)             Requested size: 111.2482pt x 111.24345pt.
 [2 <./senoidal/h-10/compressed.png (PNG copy)> <./senoidal/h-10/decompressed-bilinear.png (PNG copy)> <./senoidal/h-10/decompressed-bicubica.png (PNG copy)> <./polinomial/polinomial.png (PNG copy)> <./polinomial/h-1/compressed.png (PNG copy)> <./polinomial/h-1/decompressed-bilinear.png (PNG copy)> <./polinomial/h-1/decompressed-bicubica.png (PNG copy)>]
File: polinomial/polinomial.png Graphic file (type png)
<use polinomial/polinomial.png>
Package pdftex.def Info: polinomial/polinomial.png  used on input line 169.
(pdftex.def)             Requested size: 111.2482pt x 111.24345pt.
<polinomial/h-10/compressed.png, id=123, 256.96pt x 256.96pt>
File: polinomial/h-10/compressed.png Graphic file (type png)
<use polinomial/h-10/compressed.png>
Package pdftex.def Info: polinomial/h-10/compressed.png  used on input line 175.
(pdftex.def)             Requested size: 111.2482pt x 111.24738pt.
<polinomial/h-10/decompressed-bilinear.png, id=124, 1027.84pt x 1027.84pt>
File: polinomial/h-10/decompressed-bilinear.png Graphic file (type png)
<use polinomial/h-10/decompressed-bilinear.png>
Package pdftex.def Info: polinomial/h-10/decompressed-bilinear.png  used on input line 181.
(pdftex.def)             Requested size: 111.2482pt x 111.24345pt.
<polinomial/h-10/decompressed-bicubica.png, id=125, 1027.84pt x 1027.84pt>
File: polinomial/h-10/decompressed-bicubica.png Graphic file (type png)
<use polinomial/h-10/decompressed-bicubica.png>
Package pdftex.def Info: polinomial/h-10/decompressed-bicubica.png  used on input line 187.
(pdftex.def)             Requested size: 111.2482pt x 111.24345pt.
<pb/pb.png, id=129, 1027.84pt x 1027.84pt>
File: pb/pb.png Graphic file (type png)
<use pb/pb.png>
Package pdftex.def Info: pb/pb.png  used on input line 222.
(pdftex.def)             Requested size: 111.2482pt x 111.24345pt.
<pb/compressed.png, id=130, 256.96pt x 256.96pt>
File: pb/compressed.png Graphic file (type png)
<use pb/compressed.png>
Package pdftex.def Info: pb/compressed.png  used on input line 228.
(pdftex.def)             Requested size: 111.2482pt x 111.24738pt.
<pb/decompressed-bilinear.png, id=131, 1027.84pt x 1027.84pt>
File: pb/decompressed-bilinear.png Graphic file (type png)
<use pb/decompressed-bilinear.png>
Package pdftex.def Info: pb/decompressed-bilinear.png  used on input line 234.
(pdftex.def)             Requested size: 111.2482pt x 111.24345pt.
<pb/decompressed-bicubica.png, id=132, 1027.84pt x 1027.84pt>
File: pb/decompressed-bicubica.png Graphic file (type png)
<use pb/decompressed-bicubica.png>
Package pdftex.def Info: pb/decompressed-bicubica.png  used on input line 240.
(pdftex.def)             Requested size: 111.2482pt x 111.24345pt.
<gradiente/gradiente.png, id=133, 1027.84pt x 1027.84pt>
File: gradiente/gradiente.png Graphic file (type png)
<use gradiente/gradiente.png>
Package pdftex.def Info: gradiente/gradiente.png  used on input line 267.
(pdftex.def)             Requested size: 111.2482pt x 111.24345pt.
<gradiente/compressed.png, id=134, 256.96pt x 256.96pt>
File: gradiente/compressed.png Graphic file (type png)
<use gradiente/compressed.png>
Package pdftex.def Info: gradiente/compressed.png  used on input line 273.
(pdftex.def)             Requested size: 111.2482pt x 111.24738pt.
<gradiente/decompressed-bilinear.png, id=135, 1027.84pt x 1027.84pt>
File: gradiente/decompressed-bilinear.png Graphic file (type png)
<use gradiente/decompressed-bilinear.png>
Package pdftex.def Info: gradiente/decompressed-bilinear.png  used on input line 279.
(pdftex.def)             Requested size: 111.2482pt x 111.24345pt.
<gradiente/decompressed-bicubica.png, id=136, 1027.84pt x 1027.84pt>
File: gradiente/decompressed-bicubica.png Graphic file (type png)
<use gradiente/decompressed-bicubica.png>
Package pdftex.def Info: gradiente/decompressed-bicubica.png  used on input line 285.
(pdftex.def)             Requested size: 111.2482pt x 111.24345pt.
 [3 <./polinomial/h-10/compressed.png (PNG copy)> <./polinomial/h-10/decompressed-bilinear.png (PNG copy)> <./polinomial/h-10/decompressed-bicubica.png (PNG copy)> <./pb/pb.png (PNG copy)> <./pb/compressed.png (PNG copy)> <./pb/decompressed-bilinear.png (PNG copy)> <./pb/decompressed-bicubica.png (PNG copy)>]
<notc1/notc1.png, id=146, 1027.84pt x 1027.84pt>
File: notc1/notc1.png Graphic file (type png)
<use notc1/notc1.png>
Package pdftex.def Info: notc1/notc1.png  used on input line 319.
(pdftex.def)             Requested size: 111.2482pt x 111.24345pt.
<notc1/compressed.png, id=147, 256.96pt x 256.96pt>
File: notc1/compressed.png Graphic file (type png)
<use notc1/compressed.png>
Package pdftex.def Info: notc1/compressed.png  used on input line 325.
(pdftex.def)             Requested size: 111.2482pt x 111.24738pt.
<notc1/decompressed-bilinear.png, id=148, 1027.84pt x 1027.84pt>
File: notc1/decompressed-bilinear.png Graphic file (type png)
<use notc1/decompressed-bilinear.png>
Package pdftex.def Info: notc1/decompressed-bilinear.png  used on input line 331.
(pdftex.def)             Requested size: 111.2482pt x 111.24345pt.
<notc1/decompressed-bicubica.png, id=149, 1027.84pt x 1027.84pt>
File: notc1/decompressed-bicubica.png Graphic file (type png)
<use notc1/decompressed-bicubica.png>
Package pdftex.def Info: notc1/decompressed-bicubica.png  used on input line 337.
(pdftex.def)             Requested size: 111.2482pt x 111.24345pt.
File: senoidal/senoidal.png Graphic file (type png)
<use senoidal/senoidal.png>
Package pdftex.def Info: senoidal/senoidal.png  used on input line 362.
(pdftex.def)             Requested size: 145.11053pt x 145.10425pt.
<senoidal/decompress3vezes/compressed.png, id=151, 128.48pt x 128.48pt>
File: senoidal/decompress3vezes/compressed.png Graphic file (type png)
<use senoidal/decompress3vezes/compressed.png>
Package pdftex.def Info: senoidal/decompress3vezes/compressed.png  used on input line 368.
(pdftex.def)             Requested size: 145.11053pt x 145.12187pt.
<senoidal/decompress3vezes/decompressed-7.png, id=152, 1027.84pt x 1027.84pt>
File: senoidal/decompress3vezes/decompressed-7.png Graphic file (type png)
<use senoidal/decompress3vezes/decompressed-7.png>
Package pdftex.def Info: senoidal/decompress3vezes/decompressed-7.png  used on input line 374.
(pdftex.def)             Requested size: 145.11053pt x 145.10425pt.
<senoidal/decompress3vezes/decompressed1.png, id=153, 256.96pt x 256.96pt>
File: senoidal/decompress3vezes/decompressed1.png Graphic file (type png)
<use senoidal/decompress3vezes/decompressed1.png>
Package pdftex.def Info: senoidal/decompress3vezes/decompressed1.png  used on input line 384.
(pdftex.def)             Requested size: 145.11053pt x 145.11209pt.
<senoidal/decompress3vezes/decompressed2.png, id=154, 513.92pt x 513.92pt>
File: senoidal/decompress3vezes/decompressed2.png Graphic file (type png)
<use senoidal/decompress3vezes/decompressed2.png>
Package pdftex.def Info: senoidal/decompress3vezes/decompressed2.png  used on input line 390.
(pdftex.def)             Requested size: 145.11053pt x 145.11209pt.
<senoidal/decompress3vezes/decompressed3.png, id=155, 1027.84pt x 1027.84pt>
File: senoidal/decompress3vezes/decompressed3.png Graphic file (type png)
<use senoidal/decompress3vezes/decompressed3.png>
Package pdftex.def Info: senoidal/decompress3vezes/decompressed3.png  used on input line 396.
(pdftex.def)             Requested size: 145.11053pt x 145.10425pt.
 [4 <./gradiente/gradiente.png (PNG copy)> <./gradiente/compressed.png (PNG copy)> <./gradiente/decompressed-bilinear.png (PNG copy)> <./gradiente/decompressed-bicubica.png (PNG copy)> <./notc1/notc1.png (PNG copy)> <./notc1/compressed.png (PNG copy)> <./notc1/decompressed-bilinear.png (PNG copy)> <./notc1/decompressed-bicubica.png (PNG copy)>] [5 <./senoidal/decompress3vezes/compressed.png (PNG copy)> <./senoidal/decompress3vezes/decompressed-7.png (PNG copy)> <./senoidal/decompress3vezes/decompressed1.png (PNG copy)> <./senoidal/decompress3vezes/decompressed2.png (PNG copy)> <./senoidal/decompress3vezes/decompressed3.png (PNG copy)>]
<imagens-reais/not-tight/nottight.jpg, id=173, 1027.84pt x 1027.84pt>
File: imagens-reais/not-tight/nottight.jpg Graphic file (type jpg)
<use imagens-reais/not-tight/nottight.jpg>
Package pdftex.def Info: imagens-reais/not-tight/nottight.jpg  used on input line 431.
(pdftex.def)             Requested size: 232.17242pt x 232.16367pt.
<imagens-reais/not-tight/compressed.png, id=174, 256.96pt x 256.96pt>
File: imagens-reais/not-tight/compressed.png Graphic file (type png)
<use imagens-reais/not-tight/compressed.png>
Package pdftex.def Info: imagens-reais/not-tight/compressed.png  used on input line 437.
(pdftex.def)             Requested size: 232.17242pt x 232.17542pt.
<imagens-reais/not-tight/decompressed-bilinear.png, id=175, 1027.84pt x 1027.84pt>
File: imagens-reais/not-tight/decompressed-bilinear.png Graphic file (type png)
<use imagens-reais/not-tight/decompressed-bilinear.png>
Package pdftex.def Info: imagens-reais/not-tight/decompressed-bilinear.png  used on input line 443.
(pdftex.def)             Requested size: 232.17242pt x 232.16367pt.
<imagens-reais/not-tight/decompressed-bicubica.png, id=176, 1027.84pt x 1027.84pt>
File: imagens-reais/not-tight/decompressed-bicubica.png Graphic file (type png)
<use imagens-reais/not-tight/decompressed-bicubica.png>
Package pdftex.def Info: imagens-reais/not-tight/decompressed-bicubica.png  used on input line 449.
(pdftex.def)             Requested size: 232.17242pt x 232.16367pt.
 [6

 <./imagens-reais/not-tight/nottight.jpg> <./imagens-reais/not-tight/compressed.png (PNG copy)> <./imagens-reais/not-tight/decompressed-bilinear.png (PNG copy)> <./imagens-reais/not-tight/decompressed-bicubica.png (PNG copy)>]
<imagens-reais/led-zeppelin-1/ledzeppelini.jpg, id=183, 1027.84pt x 1027.84pt>
File: imagens-reais/led-zeppelin-1/ledzeppelini.jpg Graphic file (type jpg)
<use imagens-reais/led-zeppelin-1/ledzeppelini.jpg>
Package pdftex.def Info: imagens-reais/led-zeppelin-1/ledzeppelini.jpg  used on input line 473.
(pdftex.def)             Requested size: 232.17242pt x 232.16367pt.
<imagens-reais/led-zeppelin-1/compressed.png, id=184, 256.96pt x 256.96pt>
File: imagens-reais/led-zeppelin-1/compressed.png Graphic file (type png)
<use imagens-reais/led-zeppelin-1/compressed.png>
Package pdftex.def Info: imagens-reais/led-zeppelin-1/compressed.png  used on input line 479.
(pdftex.def)             Requested size: 232.17242pt x 232.17542pt.
<imagens-reais/led-zeppelin-1/decompressed-bilinear.png, id=185, 1027.84pt x 1027.84pt>
File: imagens-reais/led-zeppelin-1/decompressed-bilinear.png Graphic file (type png)
<use imagens-reais/led-zeppelin-1/decompressed-bilinear.png>
Package pdftex.def Info: imagens-reais/led-zeppelin-1/decompressed-bilinear.png  used on input line 485.
(pdftex.def)             Requested size: 232.17242pt x 232.16367pt.
<imagens-reais/led-zeppelin-1/decompressed-bicubica.png, id=186, 1027.84pt x 1027.84pt>
File: imagens-reais/led-zeppelin-1/decompressed-bicubica.png Graphic file (type png)
<use imagens-reais/led-zeppelin-1/decompressed-bicubica.png>
Package pdftex.def Info: imagens-reais/led-zeppelin-1/decompressed-bicubica.png  used on input line 491.
(pdftex.def)             Requested size: 232.17242pt x 232.16367pt.
 [7

 <./imagens-reais/led-zeppelin-1/ledzeppelini.jpg> <./imagens-reais/led-zeppelin-1/compressed.png (PNG copy)> <./imagens-reais/led-zeppelin-1/decompressed-bilinear.png (PNG copy)> <./imagens-reais/led-zeppelin-1/decompressed-bicubica.png (PNG copy)>]
<imagens-reais/deep-in-view/deepinview.png, id=194, 246.6816pt x 246.6816pt>
File: imagens-reais/deep-in-view/deepinview.png Graphic file (type png)
<use imagens-reais/deep-in-view/deepinview.png>
Package pdftex.def Info: imagens-reais/deep-in-view/deepinview.png  used on input line 517.
(pdftex.def)             Requested size: 232.17242pt x 232.17809pt.
<imagens-reais/deep-in-view/compressed.png, id=195, 256.96pt x 256.96pt>
File: imagens-reais/deep-in-view/compressed.png Graphic file (type png)
<use imagens-reais/deep-in-view/compressed.png>
Package pdftex.def Info: imagens-reais/deep-in-view/compressed.png  used on input line 523.
(pdftex.def)             Requested size: 232.17242pt x 232.17542pt.
<imagens-reais/deep-in-view/decompressed-bilinear.png, id=196, 1027.84pt x 1027.84pt>
File: imagens-reais/deep-in-view/decompressed-bilinear.png Graphic file (type png)
<use imagens-reais/deep-in-view/decompressed-bilinear.png>
Package pdftex.def Info: imagens-reais/deep-in-view/decompressed-bilinear.png  used on input line 529.
(pdftex.def)             Requested size: 232.17242pt x 232.16367pt.
<imagens-reais/deep-in-view/decompressed-bicubica.png, id=197, 1027.84pt x 1027.84pt>
File: imagens-reais/deep-in-view/decompressed-bicubica.png Graphic file (type png)
<use imagens-reais/deep-in-view/decompressed-bicubica.png>
Package pdftex.def Info: imagens-reais/deep-in-view/decompressed-bicubica.png  used on input line 535.
(pdftex.def)             Requested size: 232.17242pt x 232.16367pt.
 [8

 <./imagens-reais/deep-in-view/deepinview.png> <./imagens-reais/deep-in-view/compressed.png (PNG copy)> <./imagens-reais/deep-in-view/decompressed-bilinear.png (PNG copy)> <./imagens-reais/deep-in-view/decompressed-bicubica.png (PNG copy)>] (./relatorio.aux)
Package rerunfilecheck Info: File `relatorio.out' has not changed.
(rerunfilecheck)             Checksum: 7DCFC522BEA0C9809DC9B5CD2CF30F94;3286.
 ) 
Here is how much of TeX's memory you used:
 11944 strings out of 477998
 199591 string characters out of 5839370
 1868785 words of memory out of 5000000
 31917 multiletter control sequences out of 15000+600000
 521154 words of font info for 66 fonts, out of 8000000 for 9000
 14 hyphenation exceptions out of 8191
 67i,11n,77p,589b,516s stack positions out of 10000i,1000n,20000p,200000b,200000s
</home/haruo/.TinyTeX/texmf-dist/fonts/type1/public/amsfonts/cm/cmbx10.pfb></home/haruo/.TinyTeX/texmf-dist/fonts/type1/public/amsfonts/cm/cmbx12.pfb></home/haruo/.TinyTeX/texmf-dist/fonts/type1/public/amsfonts/cm/cmbxti10.pfb></home/haruo/.TinyTeX/texmf-dist/fonts/type1/public/amsfonts/cm/cmex10.pfb></home/haruo/.TinyTeX/texmf-dist/fonts/type1/public/amsfonts/cm/cmmi10.pfb></home/haruo/.TinyTeX/texmf-dist/fonts/type1/public/amsfonts/cm/cmmi12.pfb></home/haruo/.TinyTeX/texmf-dist/fonts/type1/public/amsfonts/cm/cmmi7.pfb></home/haruo/.TinyTeX/texmf-dist/fonts/type1/public/amsfonts/cm/cmr10.pfb></home/haruo/.TinyTeX/texmf-dist/fonts/type1/public/amsfonts/cm/cmr12.pfb></home/haruo/.TinyTeX/texmf-dist/fonts/type1/public/amsfonts/cm/cmr17.pfb></home/haruo/.TinyTeX/texmf-dist/fonts/type1/public/amsfonts/cm/cmr7.pfb></home/haruo/.TinyTeX/texmf-dist/fonts/type1/public/amsfonts/cm/cmr8.pfb></home/haruo/.TinyTeX/texmf-dist/fonts/type1/public/amsfonts/cm/cmr9.pfb></home/haruo/.TinyTeX/texmf-dist/fonts/type1/public/amsfonts/cm/cmsy10.pfb></home/haruo/.TinyTeX/texmf-dist/fonts/type1/public/amsfonts/cm/cmti10.pfb>
Output written on relatorio.pdf (8 pages, 7766101 bytes).
PDF statistics:
 279 PDF objects out of 1000 (max. 8388607)
 194 compressed objects within 2 object streams
 47 named destinations out of 1000 (max. 500000)
 376 words of extra memory for PDF output out of 10000 (max. 10000000)

