\BOOKMARK [1][-]{section.1}{\376\377\000E\000x\000p\000e\000r\000i\000m\000e\000n\000t\000o\000s}{}% 1
\BOOKMARK [2][-]{subsection.1.1}{\376\377\000F\000u\000n\000\347\000\365\000e\000s\000\040\000s\000e\000n\000o\000i\000d\000a\000i\000s}{section.1}% 2
\BOOKMARK [3][-]{subsubsection.1.1.1}{\376\377\000U\000s\000a\000n\000d\000o\000\040\000h\000=\0001}{subsection.1.1}% 3
\BOOKMARK [3][-]{subsubsection.1.1.2}{\376\377\000U\000s\000a\000n\000d\000o\000\040\000h\000=\0001\0000}{subsection.1.1}% 4
\BOOKMARK [3][-]{subsubsection.1.1.3}{\376\377\000O\000b\000s\000e\000r\000v\000a\000\347\000\365\000e\000s}{subsection.1.1}% 5
\BOOKMARK [2][-]{subsection.1.2}{\376\377\000F\000u\000n\000\347\000\365\000e\000s\000\040\000p\000o\000l\000i\000n\000o\000m\000i\000a\000i\000s\000\040\000s\000i\000m\000p\000l\000e\000s}{section.1}% 6
\BOOKMARK [3][-]{subsubsection.1.2.1}{\376\377\000U\000s\000a\000n\000d\000o\000\040\000h\000=\0001}{subsection.1.2}% 7
\BOOKMARK [3][-]{subsubsection.1.2.2}{\376\377\000U\000s\000a\000n\000d\000o\000\040\000h\000=\0001\0000}{subsection.1.2}% 8
\BOOKMARK [3][-]{subsubsection.1.2.3}{\376\377\000O\000b\000s\000e\000r\000v\000a\000\347\000\365\000e\000s}{subsection.1.2}% 9
\BOOKMARK [2][-]{subsection.1.3}{\376\377\000F\000u\000n\000\347\000\365\000e\000s\000\040\000p\000r\000e\000t\000o\000\040\000e\000\040\000b\000r\000a\000n\000c\000o}{section.1}% 10
\BOOKMARK [3][-]{subsubsection.1.3.1}{\376\377\000U\000s\000a\000n\000d\000o\000\040\000h\000=\0007}{subsection.1.3}% 11
\BOOKMARK [2][-]{subsection.1.4}{\376\377\000F\000u\000n\000\347\000\365\000e\000s\000\040\000q\000u\000e\000\040\000g\000e\000r\000a\000m\000\040\000u\000m\000\040\000g\000r\000a\000d\000i\000e\000n\000t\000e}{section.1}% 12
\BOOKMARK [3][-]{subsubsection.1.4.1}{\376\377\000U\000s\000a\000n\000d\000o\000\040\000h\000=\0001}{subsection.1.4}% 13
\BOOKMARK [2][-]{subsection.1.5}{\376\377\000F\000u\000n\000\347\000\365\000e\000s\000\040\000d\000i\000f\000e\000r\000e\000n\000c\000i\000\341\000v\000e\000i\000s\000\040\000m\000a\000s\000\040\000n\000\343\000o\000\040\000d\000e\000\040\000c\000l\000a\000s\000s\000e\000\040\000C\0001}{section.1}% 14
\BOOKMARK [3][-]{subsubsection.1.5.1}{\376\377\000U\000s\000a\000n\000d\000o\000\040\000h\000=\0001}{subsection.1.5}% 15
\BOOKMARK [2][-]{subsection.1.6}{\376\377\000R\000o\000d\000a\000n\000d\000o\000\040\000d\000e\000c\000o\000m\000p\000r\000e\000s\000s\000\040\0003\000\040\000v\000e\000z\000e\000s}{section.1}% 16
\BOOKMARK [1][-]{section.2}{\376\377\000E\000x\000p\000e\000r\000i\000m\000e\000n\000t\000o\000s\000\040\000c\000o\000m\000\040\000i\000m\000a\000g\000e\000n\000s\000\040\000r\000e\000a\000i\000s}{}% 17
\BOOKMARK [2][-]{subsection.2.1}{\376\377\000N\000O\000T\000\040\000T\000i\000G\000H\000T\000\040\000b\000y\000\040\000D\000O\000M\000i\000\040\000\046\000\040\000J\000D\000\040\000B\000E\000C\000K}{section.2}% 18
\BOOKMARK [2][-]{subsection.2.2}{\376\377\000L\000e\000d\000\040\000Z\000e\000p\000p\000e\000l\000i\000n\000\040\000I\000\040\000b\000y\000\040\000L\000e\000d\000\040\000Z\000e\000p\000p\000e\000l\000i\000n}{section.2}% 19
\BOOKMARK [2][-]{subsection.2.3}{\376\377\000D\000e\000e\000p\000\040\000i\000n\000\040\000V\000i\000e\000w\000\040\000b\000y\000\040\000C\000o\000l\000a}{section.2}% 20
